<?xml version="1.0" encoding="UTF-8"?>
<!-- Generated by org.testng.reporters.JUnitXMLReporter -->
<testsuite ignored="0" hostname="DESKTOP-27UCR6S" failures="0" tests="3" name="Default test" time="330.581" errors="0" timestamp="2022-11-03T11:54:10 IST">
  <testcase classname="SamplePackage.SampleClass" name="method1" time="8.401"/>
  <testcase classname="SamplePackage.SampleClass" name="method1" time="8.25"/>
  <testcase classname="SamplePackage.SampleClass" name="method1" time="8.33"/>
</testsuite> <!-- Default test -->
