<?xml version="1.0" encoding="UTF-8"?>
<!-- Generated by org.testng.reporters.JUnitXMLReporter -->
<testsuite ignored="1" hostname="DESKTOP-27UCR6S" failures="0" tests="3" name="Chandru&#039;s Test" time="0.06" errors="0" timestamp="2022-10-28T11:24:37 IST">
  <testcase classname="MavenExercise.Exe_1" name="delight" time="0.007"/>
  <testcase classname="MavenExercise.Exe_1" name="delight_sub" time="0.001"/>
  <testcase classname="MavenExercise.Exe_2" name="distinct" time="0.002"/>
  <testcase classname="MavenExercise.Exe_1" name="delight_add" time="0.0">
    <ignored/>
  </testcase> <!-- delight_add -->
</testsuite> <!-- Chandru's Test -->
